<?xml version="1.0" encoding="UTF-8"?>
<!-- Generated by org.testng.reporters.JUnitReportReporter -->
<testsuite skipped="0" hostname="DESKTOP-MPL4FM9" name="tests.PopupTest" tests="1" failures="0" timestamp="06 Jan 2020 15:43:34 GMT" time="16.905" errors="0">
  <testcase name="Popup_window" time="16.905" classname="tests.PopupTest"/>
</testsuite> <!-- tests.PopupTest -->
